Mon Nov 24 12:50:38 BRST 2014 : Apache Derby Servidor de Rede - 10.8.2.2 - (1181258) iniciado e pronto para aceitar conexões na porta 1527 em {3}
----------------------------------------------------------------
Mon Nov 24 12:50:53 BRST 2014:
 Inicializando o Derby versão The Apache Software Foundation - Apache Derby - 10.8.2.2 - (1181258): instância a816c00e-0149-e248-6f2d-fffffe6c218f
no diretório de banco de dados C:\Users\Francielle\Downloads\TFTecnicas\TFTecnicas\TFTecnicas\TrabalhoFinal  

java.vendor=Oracle Corporation
java.runtime.version=1.7.0_21-b11
user.dir=C:\Program Files\Java\jdk1.7.0_21\db
derby.system.home=C:\Users\Francielle\Downloads\TFTecnicas\TFTecnicas\TFTecnicas
Carregador de classe do banco de dados iniciado - derby.database.classpath=''
----------------------------------------------------------------
Mon Nov 24 12:50:58 BRST 2014:
Encerrando a instância a816c00e-0149-e248-6f2d-fffffe6c218f
Mon Nov 24 12:50:59 BRST 2014 Thread[DRDAConnThread_3,5,main] (DATABASE = TrabalhoFinal), (DRDAID = {2}), Banco de dados 'TrabalhoFinal' fechado.
----------------------------------------------------------------
Mon Nov 24 12:51:02 BRST 2014:
 Inicializando o Derby versão The Apache Software Foundation - Apache Derby - 10.8.2.2 - (1181258): instância 6c44409f-0149-e248-6f2d-fffffe6c218f
no diretório de banco de dados C:\Users\Francielle\Downloads\TFTecnicas\TFTecnicas\TFTecnicas\TrabalhoFinal  

java.vendor=Oracle Corporation
java.runtime.version=1.7.0_21-b11
user.dir=C:\Program Files\Java\jdk1.7.0_21\db
derby.system.home=C:\Users\Francielle\Downloads\TFTecnicas\TFTecnicas\TFTecnicas
Carregador de classe do banco de dados iniciado - derby.database.classpath=''
